2019-01-04 13:58:58 [scrapy] INFO: Scrapy 1.1.1 started (bot: douban)
2019-01-04 13:58:58 [scrapy] INFO: Overridden settings: {'NEWSPIDER_MODULE': 'douban.spiders', 'SPIDER_MODULES': ['douban.spiders'], 'LOG_FILE': 'bouban.log', 'USER_AGENT': ('Mozilla/5.0 (compatible; MSIE 9.0; Windows NT 6.1; Trident/5.0);',), 'BOT_NAME': 'douban'}
2019-01-04 13:58:58 [scrapy] INFO: Enabled extensions:
['scrapy.extensions.logstats.LogStats',
 'scrapy.extensions.telnet.TelnetConsole',
 'scrapy.extensions.corestats.CoreStats']
2019-01-04 13:58:59 [scrapy] INFO: Enabled downloader middlewares:
['douban.middlewares.RandomUserAgent',
 'douban.middlewares.RandomProxy',
 'scrapy.downloadermiddlewares.httpauth.HttpAuthMiddleware',
 'scrapy.downloadermiddlewares.downloadtimeout.DownloadTimeoutMiddleware',
 'scrapy.downloadermiddlewares.useragent.UserAgentMiddleware',
 'scrapy.downloadermiddlewares.retry.RetryMiddleware',
 'scrapy.downloadermiddlewares.defaultheaders.DefaultHeadersMiddleware',
 'scrapy.downloadermiddlewares.redirect.MetaRefreshMiddleware',
 'scrapy.downloadermiddlewares.httpcompression.HttpCompressionMiddleware',
 'scrapy.downloadermiddlewares.redirect.RedirectMiddleware',
 'scrapy.downloadermiddlewares.cookies.CookiesMiddleware',
 'scrapy.downloadermiddlewares.chunked.ChunkedTransferMiddleware',
 'scrapy.downloadermiddlewares.stats.DownloaderStats']
2019-01-04 13:58:59 [scrapy] INFO: Enabled spider middlewares:
['scrapy.spidermiddlewares.httperror.HttpErrorMiddleware',
 'scrapy.spidermiddlewares.offsite.OffsiteMiddleware',
 'scrapy.spidermiddlewares.referer.RefererMiddleware',
 'scrapy.spidermiddlewares.urllength.UrlLengthMiddleware',
 'scrapy.spidermiddlewares.depth.DepthMiddleware']
2019-01-04 13:59:00 [scrapy] INFO: Enabled item pipelines:
['douban.pipelines.DoubanPipeline']
2019-01-04 13:59:00 [scrapy] INFO: Spider opened
2019-01-04 13:59:00 [scrapy] INFO: Crawled 0 pages (at 0 pages/min), scraped 0 items (at 0 items/min)
2019-01-04 13:59:00 [scrapy] DEBUG: Telnet console listening on 127.0.0.1:6023
2019-01-04 13:59:01 [scrapy] DEBUG: Crawled (200) <GET https://movie.douban.com/top250?start=0> (referer: None)
2019-01-04 13:59:02 [scrapy] DEBUG: Crawled (200) <GET https://movie.douban.com/top250?start=25> (referer: https://movie.douban.com/top250?start=0)
2019-01-04 13:59:02 [scrapy] DEBUG: Crawled (200) <GET https://movie.douban.com/top250?start=50> (referer: https://movie.douban.com/top250?start=25)
2019-01-04 13:59:02 [scrapy] DEBUG: Crawled (200) <GET https://movie.douban.com/top250?start=75> (referer: https://movie.douban.com/top250?start=50)
2019-01-04 13:59:02 [scrapy] DEBUG: Crawled (200) <GET https://movie.douban.com/top250?start=100> (referer: https://movie.douban.com/top250?start=75)
2019-01-04 13:59:02 [scrapy] DEBUG: Crawled (200) <GET https://movie.douban.com/top250?start=125> (referer: https://movie.douban.com/top250?start=100)
2019-01-04 13:59:03 [scrapy] DEBUG: Crawled (200) <GET https://movie.douban.com/top250?start=150> (referer: https://movie.douban.com/top250?start=125)
2019-01-04 13:59:03 [scrapy] DEBUG: Crawled (200) <GET https://movie.douban.com/top250?start=175> (referer: https://movie.douban.com/top250?start=150)
2019-01-04 13:59:03 [scrapy] DEBUG: Crawled (200) <GET https://movie.douban.com/top250?start=200> (referer: https://movie.douban.com/top250?start=175)
2019-01-04 13:59:03 [scrapy] DEBUG: Crawled (200) <GET https://movie.douban.com/top250?start=225> (referer: https://movie.douban.com/top250?start=200)
2019-01-04 13:59:03 [scrapy] INFO: Closing spider (finished)
2019-01-04 13:59:03 [scrapy] INFO: Dumping Scrapy stats:
{'downloader/request_bytes': 3293,
 'downloader/request_count': 10,
 'downloader/request_method_count/GET': 10,
 'downloader/response_bytes': 129072,
 'downloader/response_count': 10,
 'downloader/response_status_count/200': 10,
 'finish_reason': 'finished',
 'finish_time': datetime.datetime(2019, 1, 4, 5, 59, 3, 974938),
 'log_count/DEBUG': 11,
 'log_count/INFO': 7,
 'request_depth_max': 9,
 'response_received_count': 10,
 'scheduler/dequeued': 10,
 'scheduler/dequeued/memory': 10,
 'scheduler/enqueued': 10,
 'scheduler/enqueued/memory': 10,
 'start_time': datetime.datetime(2019, 1, 4, 5, 59, 0, 680799)}
2019-01-04 13:59:03 [scrapy] INFO: Spider closed (finished)
2019-01-04 14:19:03 [scrapy] INFO: Scrapy 1.1.1 started (bot: douban)
2019-01-04 14:19:03 [scrapy] INFO: Overridden settings: {'NEWSPIDER_MODULE': 'douban.spiders', 'SPIDER_MODULES': ['douban.spiders'], 'LOG_FILE': 'bouban.log', 'USER_AGENT': ('Mozilla/5.0 (compatible; MSIE 9.0; Windows NT 6.1; Trident/5.0);',), 'BOT_NAME': 'douban'}
2019-01-04 14:19:03 [scrapy] INFO: Enabled extensions:
['scrapy.extensions.logstats.LogStats',
 'scrapy.extensions.telnet.TelnetConsole',
 'scrapy.extensions.corestats.CoreStats']
2019-01-04 14:19:03 [scrapy] INFO: Enabled downloader middlewares:
['douban.middlewares.RandomUserAgent',
 'douban.middlewares.RandomProxy',
 'scrapy.downloadermiddlewares.httpauth.HttpAuthMiddleware',
 'scrapy.downloadermiddlewares.downloadtimeout.DownloadTimeoutMiddleware',
 'scrapy.downloadermiddlewares.useragent.UserAgentMiddleware',
 'scrapy.downloadermiddlewares.retry.RetryMiddleware',
 'scrapy.downloadermiddlewares.defaultheaders.DefaultHeadersMiddleware',
 'scrapy.downloadermiddlewares.redirect.MetaRefreshMiddleware',
 'scrapy.downloadermiddlewares.httpcompression.HttpCompressionMiddleware',
 'scrapy.downloadermiddlewares.redirect.RedirectMiddleware',
 'scrapy.downloadermiddlewares.cookies.CookiesMiddleware',
 'scrapy.downloadermiddlewares.chunked.ChunkedTransferMiddleware',
 'scrapy.downloadermiddlewares.stats.DownloaderStats']
2019-01-04 14:19:03 [scrapy] INFO: Enabled spider middlewares:
['scrapy.spidermiddlewares.httperror.HttpErrorMiddleware',
 'scrapy.spidermiddlewares.offsite.OffsiteMiddleware',
 'scrapy.spidermiddlewares.referer.RefererMiddleware',
 'scrapy.spidermiddlewares.urllength.UrlLengthMiddleware',
 'scrapy.spidermiddlewares.depth.DepthMiddleware']
2019-01-04 14:19:04 [scrapy] INFO: Enabled item pipelines:
['douban.pipelines.DoubanPipeline']
2019-01-04 14:19:04 [scrapy] INFO: Spider opened
2019-01-04 14:19:04 [scrapy] INFO: Crawled 0 pages (at 0 pages/min), scraped 0 items (at 0 items/min)
2019-01-04 14:19:04 [scrapy] DEBUG: Telnet console listening on 127.0.0.1:6023
2019-01-04 14:19:25 [scrapy] DEBUG: Retrying <GET https://movie.douban.com/top250?start=0> (failed 1 times): Connection was refused by other side: 111: Connection refused.
2019-01-04 14:19:46 [scrapy] DEBUG: Retrying <GET https://movie.douban.com/top250?start=0> (failed 2 times): Connection was refused by other side: 111: Connection refused.
2019-01-04 14:20:04 [scrapy] INFO: Crawled 0 pages (at 0 pages/min), scraped 0 items (at 0 items/min)
2019-01-04 14:20:07 [scrapy] DEBUG: Gave up retrying <GET https://movie.douban.com/top250?start=0> (failed 3 times): Connection was refused by other side: 111: Connection refused.
2019-01-04 14:20:07 [scrapy] ERROR: Error downloading <GET https://movie.douban.com/top250?start=0>: Connection was refused by other side: 111: Connection refused.
2019-01-04 14:20:07 [scrapy] INFO: Closing spider (finished)
2019-01-04 14:20:08 [scrapy] INFO: Dumping Scrapy stats:
{'downloader/exception_count': 3,
 'downloader/exception_type_count/twisted.internet.error.ConnectionRefusedError': 3,
 'downloader/request_bytes': 771,
 'downloader/request_count': 3,
 'downloader/request_method_count/GET': 3,
 'finish_reason': 'finished',
 'finish_time': datetime.datetime(2019, 1, 4, 6, 20, 8, 2024),
 'log_count/DEBUG': 4,
 'log_count/ERROR': 1,
 'log_count/INFO': 8,
 'scheduler/dequeued': 3,
 'scheduler/dequeued/memory': 3,
 'scheduler/enqueued': 3,
 'scheduler/enqueued/memory': 3,
 'start_time': datetime.datetime(2019, 1, 4, 6, 19, 4, 686742)}
2019-01-04 14:20:08 [scrapy] INFO: Spider closed (finished)
